ARM GAS  C:\Users\hh\AppData\Local\Temp\cchKzHc5.s 			page 1


   1              		.cpu cortex-m4
   2              		.arch armv7e-m
   3              		.fpu fpv4-sp-d16
   4              		.eabi_attribute 27, 1
   5              		.eabi_attribute 28, 1
   6              		.eabi_attribute 20, 1
   7              		.eabi_attribute 21, 1
   8              		.eabi_attribute 23, 3
   9              		.eabi_attribute 24, 1
  10              		.eabi_attribute 25, 1
  11              		.eabi_attribute 26, 1
  12              		.eabi_attribute 30, 1
  13              		.eabi_attribute 34, 1
  14              		.eabi_attribute 18, 4
  15              		.file	"stm32f4xx_hal_msp.c"
  16              		.text
  17              	.Ltext0:
  18              		.cfi_sections	.debug_frame
  19              		.section	.text.HAL_MspInit,"ax",%progbits
  20              		.align	1
  21              		.global	HAL_MspInit
  22              		.syntax unified
  23              		.thumb
  24              		.thumb_func
  26              	HAL_MspInit:
  27              	.LFB130:
  28              		.file 1 "Core/Src/stm32f4xx_hal_msp.c"
   1:Core/Src/stm32f4xx_hal_msp.c **** /* USER CODE BEGIN Header */
   2:Core/Src/stm32f4xx_hal_msp.c **** /**
   3:Core/Src/stm32f4xx_hal_msp.c ****   ******************************************************************************
   4:Core/Src/stm32f4xx_hal_msp.c ****   * @file         stm32f4xx_hal_msp.c
   5:Core/Src/stm32f4xx_hal_msp.c ****   * @brief        This file provides code for the MSP Initialization
   6:Core/Src/stm32f4xx_hal_msp.c ****   *               and de-Initialization codes.
   7:Core/Src/stm32f4xx_hal_msp.c ****   ******************************************************************************
   8:Core/Src/stm32f4xx_hal_msp.c ****   * @attention
   9:Core/Src/stm32f4xx_hal_msp.c ****   *
  10:Core/Src/stm32f4xx_hal_msp.c ****   * Copyright (c) 2022 STMicroelectronics.
  11:Core/Src/stm32f4xx_hal_msp.c ****   * All rights reserved.
  12:Core/Src/stm32f4xx_hal_msp.c ****   *
  13:Core/Src/stm32f4xx_hal_msp.c ****   * This software is licensed under terms that can be found in the LICENSE file
  14:Core/Src/stm32f4xx_hal_msp.c ****   * in the root directory of this software component.
  15:Core/Src/stm32f4xx_hal_msp.c ****   * If no LICENSE file comes with this software, it is provided AS-IS.
  16:Core/Src/stm32f4xx_hal_msp.c ****   *
  17:Core/Src/stm32f4xx_hal_msp.c ****   ******************************************************************************
  18:Core/Src/stm32f4xx_hal_msp.c ****   */
  19:Core/Src/stm32f4xx_hal_msp.c **** /* USER CODE END Header */
  20:Core/Src/stm32f4xx_hal_msp.c **** 
  21:Core/Src/stm32f4xx_hal_msp.c **** /* Includes ------------------------------------------------------------------*/
  22:Core/Src/stm32f4xx_hal_msp.c **** #include "main.h"
  23:Core/Src/stm32f4xx_hal_msp.c **** /* USER CODE BEGIN Includes */
  24:Core/Src/stm32f4xx_hal_msp.c **** 
  25:Core/Src/stm32f4xx_hal_msp.c **** /* USER CODE END Includes */
  26:Core/Src/stm32f4xx_hal_msp.c **** 
  27:Core/Src/stm32f4xx_hal_msp.c **** /* Private typedef -----------------------------------------------------------*/
  28:Core/Src/stm32f4xx_hal_msp.c **** /* USER CODE BEGIN TD */
  29:Core/Src/stm32f4xx_hal_msp.c **** 
  30:Core/Src/stm32f4xx_hal_msp.c **** /* USER CODE END TD */
ARM GAS  C:\Users\hh\AppData\Local\Temp\cchKzHc5.s 			page 2


  31:Core/Src/stm32f4xx_hal_msp.c **** 
  32:Core/Src/stm32f4xx_hal_msp.c **** /* Private define ------------------------------------------------------------*/
  33:Core/Src/stm32f4xx_hal_msp.c **** /* USER CODE BEGIN Define */
  34:Core/Src/stm32f4xx_hal_msp.c **** 
  35:Core/Src/stm32f4xx_hal_msp.c **** /* USER CODE END Define */
  36:Core/Src/stm32f4xx_hal_msp.c **** 
  37:Core/Src/stm32f4xx_hal_msp.c **** /* Private macro -------------------------------------------------------------*/
  38:Core/Src/stm32f4xx_hal_msp.c **** /* USER CODE BEGIN Macro */
  39:Core/Src/stm32f4xx_hal_msp.c **** 
  40:Core/Src/stm32f4xx_hal_msp.c **** /* USER CODE END Macro */
  41:Core/Src/stm32f4xx_hal_msp.c **** 
  42:Core/Src/stm32f4xx_hal_msp.c **** /* Private variables ---------------------------------------------------------*/
  43:Core/Src/stm32f4xx_hal_msp.c **** /* USER CODE BEGIN PV */
  44:Core/Src/stm32f4xx_hal_msp.c **** 
  45:Core/Src/stm32f4xx_hal_msp.c **** /* USER CODE END PV */
  46:Core/Src/stm32f4xx_hal_msp.c **** 
  47:Core/Src/stm32f4xx_hal_msp.c **** /* Private function prototypes -----------------------------------------------*/
  48:Core/Src/stm32f4xx_hal_msp.c **** /* USER CODE BEGIN PFP */
  49:Core/Src/stm32f4xx_hal_msp.c **** 
  50:Core/Src/stm32f4xx_hal_msp.c **** /* USER CODE END PFP */
  51:Core/Src/stm32f4xx_hal_msp.c **** 
  52:Core/Src/stm32f4xx_hal_msp.c **** /* External functions --------------------------------------------------------*/
  53:Core/Src/stm32f4xx_hal_msp.c **** /* USER CODE BEGIN ExternalFunctions */
  54:Core/Src/stm32f4xx_hal_msp.c **** 
  55:Core/Src/stm32f4xx_hal_msp.c **** /* USER CODE END ExternalFunctions */
  56:Core/Src/stm32f4xx_hal_msp.c **** 
  57:Core/Src/stm32f4xx_hal_msp.c **** /* USER CODE BEGIN 0 */
  58:Core/Src/stm32f4xx_hal_msp.c **** 
  59:Core/Src/stm32f4xx_hal_msp.c **** /* USER CODE END 0 */
  60:Core/Src/stm32f4xx_hal_msp.c **** /**
  61:Core/Src/stm32f4xx_hal_msp.c ****   * Initializes the Global MSP.
  62:Core/Src/stm32f4xx_hal_msp.c ****   */
  63:Core/Src/stm32f4xx_hal_msp.c **** void HAL_MspInit(void)
  64:Core/Src/stm32f4xx_hal_msp.c **** {
  29              		.loc 1 64 1 view -0
  30              		.cfi_startproc
  31              		@ args = 0, pretend = 0, frame = 8
  32              		@ frame_needed = 0, uses_anonymous_args = 0
  33              		@ link register save eliminated.
  34 0000 82B0     		sub	sp, sp, #8
  35              	.LCFI0:
  36              		.cfi_def_cfa_offset 8
  65:Core/Src/stm32f4xx_hal_msp.c ****   /* USER CODE BEGIN MspInit 0 */
  66:Core/Src/stm32f4xx_hal_msp.c **** 
  67:Core/Src/stm32f4xx_hal_msp.c ****   /* USER CODE END MspInit 0 */
  68:Core/Src/stm32f4xx_hal_msp.c **** 
  69:Core/Src/stm32f4xx_hal_msp.c ****   __HAL_RCC_SYSCFG_CLK_ENABLE();
  37              		.loc 1 69 3 view .LVU1
  38              	.LBB2:
  39              		.loc 1 69 3 view .LVU2
  40 0002 0021     		movs	r1, #0
  41 0004 0091     		str	r1, [sp]
  42              		.loc 1 69 3 view .LVU3
  43 0006 0B4B     		ldr	r3, .L3
  44 0008 5A6C     		ldr	r2, [r3, #68]
  45 000a 42F48042 		orr	r2, r2, #16384
  46 000e 5A64     		str	r2, [r3, #68]
ARM GAS  C:\Users\hh\AppData\Local\Temp\cchKzHc5.s 			page 3


  47              		.loc 1 69 3 view .LVU4
  48 0010 5A6C     		ldr	r2, [r3, #68]
  49 0012 02F48042 		and	r2, r2, #16384
  50 0016 0092     		str	r2, [sp]
  51              		.loc 1 69 3 view .LVU5
  52 0018 009A     		ldr	r2, [sp]
  53              	.LBE2:
  54              		.loc 1 69 3 view .LVU6
  70:Core/Src/stm32f4xx_hal_msp.c ****   __HAL_RCC_PWR_CLK_ENABLE();
  55              		.loc 1 70 3 view .LVU7
  56              	.LBB3:
  57              		.loc 1 70 3 view .LVU8
  58 001a 0191     		str	r1, [sp, #4]
  59              		.loc 1 70 3 view .LVU9
  60 001c 1A6C     		ldr	r2, [r3, #64]
  61 001e 42F08052 		orr	r2, r2, #268435456
  62 0022 1A64     		str	r2, [r3, #64]
  63              		.loc 1 70 3 view .LVU10
  64 0024 1B6C     		ldr	r3, [r3, #64]
  65 0026 03F08053 		and	r3, r3, #268435456
  66 002a 0193     		str	r3, [sp, #4]
  67              		.loc 1 70 3 view .LVU11
  68 002c 019B     		ldr	r3, [sp, #4]
  69              	.LBE3:
  70              		.loc 1 70 3 view .LVU12
  71:Core/Src/stm32f4xx_hal_msp.c **** 
  72:Core/Src/stm32f4xx_hal_msp.c ****   /* System interrupt init*/
  73:Core/Src/stm32f4xx_hal_msp.c **** 
  74:Core/Src/stm32f4xx_hal_msp.c ****   /* USER CODE BEGIN MspInit 1 */
  75:Core/Src/stm32f4xx_hal_msp.c **** 
  76:Core/Src/stm32f4xx_hal_msp.c ****   /* USER CODE END MspInit 1 */
  77:Core/Src/stm32f4xx_hal_msp.c **** }
  71              		.loc 1 77 1 is_stmt 0 view .LVU13
  72 002e 02B0     		add	sp, sp, #8
  73              	.LCFI1:
  74              		.cfi_def_cfa_offset 0
  75              		@ sp needed
  76 0030 7047     		bx	lr
  77              	.L4:
  78 0032 00BF     		.align	2
  79              	.L3:
  80 0034 00380240 		.word	1073887232
  81              		.cfi_endproc
  82              	.LFE130:
  84              		.section	.text.HAL_TIM_Base_MspInit,"ax",%progbits
  85              		.align	1
  86              		.global	HAL_TIM_Base_MspInit
  87              		.syntax unified
  88              		.thumb
  89              		.thumb_func
  91              	HAL_TIM_Base_MspInit:
  92              	.LVL0:
  93              	.LFB131:
  78:Core/Src/stm32f4xx_hal_msp.c **** 
  79:Core/Src/stm32f4xx_hal_msp.c **** /**
  80:Core/Src/stm32f4xx_hal_msp.c **** * @brief TIM_Base MSP Initialization
  81:Core/Src/stm32f4xx_hal_msp.c **** * This function configures the hardware resources used in this example
ARM GAS  C:\Users\hh\AppData\Local\Temp\cchKzHc5.s 			page 4


  82:Core/Src/stm32f4xx_hal_msp.c **** * @param htim_base: TIM_Base handle pointer
  83:Core/Src/stm32f4xx_hal_msp.c **** * @retval None
  84:Core/Src/stm32f4xx_hal_msp.c **** */
  85:Core/Src/stm32f4xx_hal_msp.c **** void HAL_TIM_Base_MspInit(TIM_HandleTypeDef* htim_base)
  86:Core/Src/stm32f4xx_hal_msp.c **** {
  94              		.loc 1 86 1 is_stmt 1 view -0
  95              		.cfi_startproc
  96              		@ args = 0, pretend = 0, frame = 8
  97              		@ frame_needed = 0, uses_anonymous_args = 0
  87:Core/Src/stm32f4xx_hal_msp.c ****   if(htim_base->Instance==TIM2)
  98              		.loc 1 87 3 view .LVU15
  99              		.loc 1 87 15 is_stmt 0 view .LVU16
 100 0000 0368     		ldr	r3, [r0]
 101              		.loc 1 87 5 view .LVU17
 102 0002 B3F1804F 		cmp	r3, #1073741824
 103 0006 00D0     		beq	.L11
 104 0008 7047     		bx	lr
 105              	.L11:
  86:Core/Src/stm32f4xx_hal_msp.c ****   if(htim_base->Instance==TIM2)
 106              		.loc 1 86 1 view .LVU18
 107 000a 00B5     		push	{lr}
 108              	.LCFI2:
 109              		.cfi_def_cfa_offset 4
 110              		.cfi_offset 14, -4
 111 000c 83B0     		sub	sp, sp, #12
 112              	.LCFI3:
 113              		.cfi_def_cfa_offset 16
  88:Core/Src/stm32f4xx_hal_msp.c ****   {
  89:Core/Src/stm32f4xx_hal_msp.c ****   /* USER CODE BEGIN TIM2_MspInit 0 */
  90:Core/Src/stm32f4xx_hal_msp.c **** 
  91:Core/Src/stm32f4xx_hal_msp.c ****   /* USER CODE END TIM2_MspInit 0 */
  92:Core/Src/stm32f4xx_hal_msp.c ****     /* Peripheral clock enable */
  93:Core/Src/stm32f4xx_hal_msp.c ****     __HAL_RCC_TIM2_CLK_ENABLE();
 114              		.loc 1 93 5 is_stmt 1 view .LVU19
 115              	.LBB4:
 116              		.loc 1 93 5 view .LVU20
 117 000e 0021     		movs	r1, #0
 118 0010 0191     		str	r1, [sp, #4]
 119              		.loc 1 93 5 view .LVU21
 120 0012 03F50E33 		add	r3, r3, #145408
 121 0016 1A6C     		ldr	r2, [r3, #64]
 122 0018 42F00102 		orr	r2, r2, #1
 123 001c 1A64     		str	r2, [r3, #64]
 124              		.loc 1 93 5 view .LVU22
 125 001e 1B6C     		ldr	r3, [r3, #64]
 126 0020 03F00103 		and	r3, r3, #1
 127 0024 0193     		str	r3, [sp, #4]
 128              		.loc 1 93 5 view .LVU23
 129 0026 019B     		ldr	r3, [sp, #4]
 130              	.LBE4:
 131              		.loc 1 93 5 view .LVU24
  94:Core/Src/stm32f4xx_hal_msp.c ****     /* TIM2 interrupt Init */
  95:Core/Src/stm32f4xx_hal_msp.c ****     HAL_NVIC_SetPriority(TIM2_IRQn, 0, 0);
 132              		.loc 1 95 5 view .LVU25
 133 0028 0A46     		mov	r2, r1
 134 002a 1C20     		movs	r0, #28
 135              	.LVL1:
ARM GAS  C:\Users\hh\AppData\Local\Temp\cchKzHc5.s 			page 5


 136              		.loc 1 95 5 is_stmt 0 view .LVU26
 137 002c FFF7FEFF 		bl	HAL_NVIC_SetPriority
 138              	.LVL2:
  96:Core/Src/stm32f4xx_hal_msp.c ****     HAL_NVIC_EnableIRQ(TIM2_IRQn);
 139              		.loc 1 96 5 is_stmt 1 view .LVU27
 140 0030 1C20     		movs	r0, #28
 141 0032 FFF7FEFF 		bl	HAL_NVIC_EnableIRQ
 142              	.LVL3:
  97:Core/Src/stm32f4xx_hal_msp.c ****   /* USER CODE BEGIN TIM2_MspInit 1 */
  98:Core/Src/stm32f4xx_hal_msp.c **** 
  99:Core/Src/stm32f4xx_hal_msp.c ****   /* USER CODE END TIM2_MspInit 1 */
 100:Core/Src/stm32f4xx_hal_msp.c ****   }
 101:Core/Src/stm32f4xx_hal_msp.c **** 
 102:Core/Src/stm32f4xx_hal_msp.c **** }
 143              		.loc 1 102 1 is_stmt 0 view .LVU28
 144 0036 03B0     		add	sp, sp, #12
 145              	.LCFI4:
 146              		.cfi_def_cfa_offset 4
 147              		@ sp needed
 148 0038 5DF804FB 		ldr	pc, [sp], #4
 149              		.cfi_endproc
 150              	.LFE131:
 152              		.section	.text.HAL_TIM_Base_MspDeInit,"ax",%progbits
 153              		.align	1
 154              		.global	HAL_TIM_Base_MspDeInit
 155              		.syntax unified
 156              		.thumb
 157              		.thumb_func
 159              	HAL_TIM_Base_MspDeInit:
 160              	.LVL4:
 161              	.LFB132:
 103:Core/Src/stm32f4xx_hal_msp.c **** 
 104:Core/Src/stm32f4xx_hal_msp.c **** /**
 105:Core/Src/stm32f4xx_hal_msp.c **** * @brief TIM_Base MSP De-Initialization
 106:Core/Src/stm32f4xx_hal_msp.c **** * This function freeze the hardware resources used in this example
 107:Core/Src/stm32f4xx_hal_msp.c **** * @param htim_base: TIM_Base handle pointer
 108:Core/Src/stm32f4xx_hal_msp.c **** * @retval None
 109:Core/Src/stm32f4xx_hal_msp.c **** */
 110:Core/Src/stm32f4xx_hal_msp.c **** void HAL_TIM_Base_MspDeInit(TIM_HandleTypeDef* htim_base)
 111:Core/Src/stm32f4xx_hal_msp.c **** {
 162              		.loc 1 111 1 is_stmt 1 view -0
 163              		.cfi_startproc
 164              		@ args = 0, pretend = 0, frame = 0
 165              		@ frame_needed = 0, uses_anonymous_args = 0
 166              		.loc 1 111 1 is_stmt 0 view .LVU30
 167 0000 08B5     		push	{r3, lr}
 168              	.LCFI5:
 169              		.cfi_def_cfa_offset 8
 170              		.cfi_offset 3, -8
 171              		.cfi_offset 14, -4
 112:Core/Src/stm32f4xx_hal_msp.c ****   if(htim_base->Instance==TIM2)
 172              		.loc 1 112 3 is_stmt 1 view .LVU31
 173              		.loc 1 112 15 is_stmt 0 view .LVU32
 174 0002 0368     		ldr	r3, [r0]
 175              		.loc 1 112 5 view .LVU33
 176 0004 B3F1804F 		cmp	r3, #1073741824
 177 0008 00D0     		beq	.L15
ARM GAS  C:\Users\hh\AppData\Local\Temp\cchKzHc5.s 			page 6


 178              	.LVL5:
 179              	.L12:
 113:Core/Src/stm32f4xx_hal_msp.c ****   {
 114:Core/Src/stm32f4xx_hal_msp.c ****   /* USER CODE BEGIN TIM2_MspDeInit 0 */
 115:Core/Src/stm32f4xx_hal_msp.c **** 
 116:Core/Src/stm32f4xx_hal_msp.c ****   /* USER CODE END TIM2_MspDeInit 0 */
 117:Core/Src/stm32f4xx_hal_msp.c ****     /* Peripheral clock disable */
 118:Core/Src/stm32f4xx_hal_msp.c ****     __HAL_RCC_TIM2_CLK_DISABLE();
 119:Core/Src/stm32f4xx_hal_msp.c **** 
 120:Core/Src/stm32f4xx_hal_msp.c ****     /* TIM2 interrupt DeInit */
 121:Core/Src/stm32f4xx_hal_msp.c ****     HAL_NVIC_DisableIRQ(TIM2_IRQn);
 122:Core/Src/stm32f4xx_hal_msp.c ****   /* USER CODE BEGIN TIM2_MspDeInit 1 */
 123:Core/Src/stm32f4xx_hal_msp.c **** 
 124:Core/Src/stm32f4xx_hal_msp.c ****   /* USER CODE END TIM2_MspDeInit 1 */
 125:Core/Src/stm32f4xx_hal_msp.c ****   }
 126:Core/Src/stm32f4xx_hal_msp.c **** 
 127:Core/Src/stm32f4xx_hal_msp.c **** }
 180              		.loc 1 127 1 view .LVU34
 181 000a 08BD     		pop	{r3, pc}
 182              	.LVL6:
 183              	.L15:
 118:Core/Src/stm32f4xx_hal_msp.c **** 
 184              		.loc 1 118 5 is_stmt 1 view .LVU35
 185 000c 044A     		ldr	r2, .L16
 186 000e 136C     		ldr	r3, [r2, #64]
 187 0010 23F00103 		bic	r3, r3, #1
 188 0014 1364     		str	r3, [r2, #64]
 121:Core/Src/stm32f4xx_hal_msp.c ****   /* USER CODE BEGIN TIM2_MspDeInit 1 */
 189              		.loc 1 121 5 view .LVU36
 190 0016 1C20     		movs	r0, #28
 191              	.LVL7:
 121:Core/Src/stm32f4xx_hal_msp.c ****   /* USER CODE BEGIN TIM2_MspDeInit 1 */
 192              		.loc 1 121 5 is_stmt 0 view .LVU37
 193 0018 FFF7FEFF 		bl	HAL_NVIC_DisableIRQ
 194              	.LVL8:
 195              		.loc 1 127 1 view .LVU38
 196 001c F5E7     		b	.L12
 197              	.L17:
 198 001e 00BF     		.align	2
 199              	.L16:
 200 0020 00380240 		.word	1073887232
 201              		.cfi_endproc
 202              	.LFE132:
 204              		.section	.text.HAL_USART_MspInit,"ax",%progbits
 205              		.align	1
 206              		.global	HAL_USART_MspInit
 207              		.syntax unified
 208              		.thumb
 209              		.thumb_func
 211              	HAL_USART_MspInit:
 212              	.LVL9:
 213              	.LFB133:
 128:Core/Src/stm32f4xx_hal_msp.c **** 
 129:Core/Src/stm32f4xx_hal_msp.c **** /**
 130:Core/Src/stm32f4xx_hal_msp.c **** * @brief USART MSP Initialization
 131:Core/Src/stm32f4xx_hal_msp.c **** * This function configures the hardware resources used in this example
 132:Core/Src/stm32f4xx_hal_msp.c **** * @param husart: USART handle pointer
ARM GAS  C:\Users\hh\AppData\Local\Temp\cchKzHc5.s 			page 7


 133:Core/Src/stm32f4xx_hal_msp.c **** * @retval None
 134:Core/Src/stm32f4xx_hal_msp.c **** */
 135:Core/Src/stm32f4xx_hal_msp.c **** void HAL_USART_MspInit(USART_HandleTypeDef* husart)
 136:Core/Src/stm32f4xx_hal_msp.c **** {
 214              		.loc 1 136 1 is_stmt 1 view -0
 215              		.cfi_startproc
 216              		@ args = 0, pretend = 0, frame = 32
 217              		@ frame_needed = 0, uses_anonymous_args = 0
 218              		.loc 1 136 1 is_stmt 0 view .LVU40
 219 0000 10B5     		push	{r4, lr}
 220              	.LCFI6:
 221              		.cfi_def_cfa_offset 8
 222              		.cfi_offset 4, -8
 223              		.cfi_offset 14, -4
 224 0002 88B0     		sub	sp, sp, #32
 225              	.LCFI7:
 226              		.cfi_def_cfa_offset 40
 137:Core/Src/stm32f4xx_hal_msp.c ****   GPIO_InitTypeDef GPIO_InitStruct = {0};
 227              		.loc 1 137 3 is_stmt 1 view .LVU41
 228              		.loc 1 137 20 is_stmt 0 view .LVU42
 229 0004 0023     		movs	r3, #0
 230 0006 0393     		str	r3, [sp, #12]
 231 0008 0493     		str	r3, [sp, #16]
 232 000a 0593     		str	r3, [sp, #20]
 233 000c 0693     		str	r3, [sp, #24]
 234 000e 0793     		str	r3, [sp, #28]
 138:Core/Src/stm32f4xx_hal_msp.c ****   if(husart->Instance==USART1)
 235              		.loc 1 138 3 is_stmt 1 view .LVU43
 236              		.loc 1 138 12 is_stmt 0 view .LVU44
 237 0010 0268     		ldr	r2, [r0]
 238              		.loc 1 138 5 view .LVU45
 239 0012 03F18043 		add	r3, r3, #1073741824
 240 0016 03F58833 		add	r3, r3, #69632
 241 001a 9A42     		cmp	r2, r3
 242 001c 01D0     		beq	.L21
 243              	.LVL10:
 244              	.L18:
 139:Core/Src/stm32f4xx_hal_msp.c ****   {
 140:Core/Src/stm32f4xx_hal_msp.c ****   /* USER CODE BEGIN USART1_MspInit 0 */
 141:Core/Src/stm32f4xx_hal_msp.c **** 
 142:Core/Src/stm32f4xx_hal_msp.c ****   /* USER CODE END USART1_MspInit 0 */
 143:Core/Src/stm32f4xx_hal_msp.c ****     /* Peripheral clock enable */
 144:Core/Src/stm32f4xx_hal_msp.c ****     __HAL_RCC_USART1_CLK_ENABLE();
 145:Core/Src/stm32f4xx_hal_msp.c **** 
 146:Core/Src/stm32f4xx_hal_msp.c ****     __HAL_RCC_GPIOA_CLK_ENABLE();
 147:Core/Src/stm32f4xx_hal_msp.c ****     /**USART1 GPIO Configuration
 148:Core/Src/stm32f4xx_hal_msp.c ****     PA8     ------> USART1_CK
 149:Core/Src/stm32f4xx_hal_msp.c ****     PA9     ------> USART1_TX
 150:Core/Src/stm32f4xx_hal_msp.c ****     PA10     ------> USART1_RX
 151:Core/Src/stm32f4xx_hal_msp.c ****     */
 152:Core/Src/stm32f4xx_hal_msp.c ****     GPIO_InitStruct.Pin = GPIO_PIN_8|GPIO_PIN_9|GPIO_PIN_10;
 153:Core/Src/stm32f4xx_hal_msp.c ****     GPIO_InitStruct.Mode = GPIO_MODE_AF_PP;
 154:Core/Src/stm32f4xx_hal_msp.c ****     GPIO_InitStruct.Pull = GPIO_NOPULL;
 155:Core/Src/stm32f4xx_hal_msp.c ****     GPIO_InitStruct.Speed = GPIO_SPEED_FREQ_VERY_HIGH;
 156:Core/Src/stm32f4xx_hal_msp.c ****     GPIO_InitStruct.Alternate = GPIO_AF7_USART1;
 157:Core/Src/stm32f4xx_hal_msp.c ****     HAL_GPIO_Init(GPIOA, &GPIO_InitStruct);
 158:Core/Src/stm32f4xx_hal_msp.c **** 
ARM GAS  C:\Users\hh\AppData\Local\Temp\cchKzHc5.s 			page 8


 159:Core/Src/stm32f4xx_hal_msp.c ****     /* USART1 interrupt Init */
 160:Core/Src/stm32f4xx_hal_msp.c ****     HAL_NVIC_SetPriority(USART1_IRQn, 0, 0);
 161:Core/Src/stm32f4xx_hal_msp.c ****     HAL_NVIC_EnableIRQ(USART1_IRQn);
 162:Core/Src/stm32f4xx_hal_msp.c ****   /* USER CODE BEGIN USART1_MspInit 1 */
 163:Core/Src/stm32f4xx_hal_msp.c **** 
 164:Core/Src/stm32f4xx_hal_msp.c ****   /* USER CODE END USART1_MspInit 1 */
 165:Core/Src/stm32f4xx_hal_msp.c ****   }
 166:Core/Src/stm32f4xx_hal_msp.c **** 
 167:Core/Src/stm32f4xx_hal_msp.c **** }
 245              		.loc 1 167 1 view .LVU46
 246 001e 08B0     		add	sp, sp, #32
 247              	.LCFI8:
 248              		.cfi_remember_state
 249              		.cfi_def_cfa_offset 8
 250              		@ sp needed
 251 0020 10BD     		pop	{r4, pc}
 252              	.LVL11:
 253              	.L21:
 254              	.LCFI9:
 255              		.cfi_restore_state
 144:Core/Src/stm32f4xx_hal_msp.c **** 
 256              		.loc 1 144 5 is_stmt 1 view .LVU47
 257              	.LBB5:
 144:Core/Src/stm32f4xx_hal_msp.c **** 
 258              		.loc 1 144 5 view .LVU48
 259 0022 0024     		movs	r4, #0
 260 0024 0194     		str	r4, [sp, #4]
 144:Core/Src/stm32f4xx_hal_msp.c **** 
 261              		.loc 1 144 5 view .LVU49
 262 0026 03F59433 		add	r3, r3, #75776
 263 002a 5A6C     		ldr	r2, [r3, #68]
 264 002c 42F01002 		orr	r2, r2, #16
 265 0030 5A64     		str	r2, [r3, #68]
 144:Core/Src/stm32f4xx_hal_msp.c **** 
 266              		.loc 1 144 5 view .LVU50
 267 0032 5A6C     		ldr	r2, [r3, #68]
 268 0034 02F01002 		and	r2, r2, #16
 269 0038 0192     		str	r2, [sp, #4]
 144:Core/Src/stm32f4xx_hal_msp.c **** 
 270              		.loc 1 144 5 view .LVU51
 271 003a 019A     		ldr	r2, [sp, #4]
 272              	.LBE5:
 144:Core/Src/stm32f4xx_hal_msp.c **** 
 273              		.loc 1 144 5 view .LVU52
 146:Core/Src/stm32f4xx_hal_msp.c ****     /**USART1 GPIO Configuration
 274              		.loc 1 146 5 view .LVU53
 275              	.LBB6:
 146:Core/Src/stm32f4xx_hal_msp.c ****     /**USART1 GPIO Configuration
 276              		.loc 1 146 5 view .LVU54
 277 003c 0294     		str	r4, [sp, #8]
 146:Core/Src/stm32f4xx_hal_msp.c ****     /**USART1 GPIO Configuration
 278              		.loc 1 146 5 view .LVU55
 279 003e 1A6B     		ldr	r2, [r3, #48]
 280 0040 42F00102 		orr	r2, r2, #1
 281 0044 1A63     		str	r2, [r3, #48]
 146:Core/Src/stm32f4xx_hal_msp.c ****     /**USART1 GPIO Configuration
 282              		.loc 1 146 5 view .LVU56
ARM GAS  C:\Users\hh\AppData\Local\Temp\cchKzHc5.s 			page 9


 283 0046 1B6B     		ldr	r3, [r3, #48]
 284 0048 03F00103 		and	r3, r3, #1
 285 004c 0293     		str	r3, [sp, #8]
 146:Core/Src/stm32f4xx_hal_msp.c ****     /**USART1 GPIO Configuration
 286              		.loc 1 146 5 view .LVU57
 287 004e 029B     		ldr	r3, [sp, #8]
 288              	.LBE6:
 146:Core/Src/stm32f4xx_hal_msp.c ****     /**USART1 GPIO Configuration
 289              		.loc 1 146 5 view .LVU58
 152:Core/Src/stm32f4xx_hal_msp.c ****     GPIO_InitStruct.Mode = GPIO_MODE_AF_PP;
 290              		.loc 1 152 5 view .LVU59
 152:Core/Src/stm32f4xx_hal_msp.c ****     GPIO_InitStruct.Mode = GPIO_MODE_AF_PP;
 291              		.loc 1 152 25 is_stmt 0 view .LVU60
 292 0050 4FF4E063 		mov	r3, #1792
 293 0054 0393     		str	r3, [sp, #12]
 153:Core/Src/stm32f4xx_hal_msp.c ****     GPIO_InitStruct.Pull = GPIO_NOPULL;
 294              		.loc 1 153 5 is_stmt 1 view .LVU61
 153:Core/Src/stm32f4xx_hal_msp.c ****     GPIO_InitStruct.Pull = GPIO_NOPULL;
 295              		.loc 1 153 26 is_stmt 0 view .LVU62
 296 0056 0223     		movs	r3, #2
 297 0058 0493     		str	r3, [sp, #16]
 154:Core/Src/stm32f4xx_hal_msp.c ****     GPIO_InitStruct.Speed = GPIO_SPEED_FREQ_VERY_HIGH;
 298              		.loc 1 154 5 is_stmt 1 view .LVU63
 155:Core/Src/stm32f4xx_hal_msp.c ****     GPIO_InitStruct.Alternate = GPIO_AF7_USART1;
 299              		.loc 1 155 5 view .LVU64
 155:Core/Src/stm32f4xx_hal_msp.c ****     GPIO_InitStruct.Alternate = GPIO_AF7_USART1;
 300              		.loc 1 155 27 is_stmt 0 view .LVU65
 301 005a 0323     		movs	r3, #3
 302 005c 0693     		str	r3, [sp, #24]
 156:Core/Src/stm32f4xx_hal_msp.c ****     HAL_GPIO_Init(GPIOA, &GPIO_InitStruct);
 303              		.loc 1 156 5 is_stmt 1 view .LVU66
 156:Core/Src/stm32f4xx_hal_msp.c ****     HAL_GPIO_Init(GPIOA, &GPIO_InitStruct);
 304              		.loc 1 156 31 is_stmt 0 view .LVU67
 305 005e 0723     		movs	r3, #7
 306 0060 0793     		str	r3, [sp, #28]
 157:Core/Src/stm32f4xx_hal_msp.c **** 
 307              		.loc 1 157 5 is_stmt 1 view .LVU68
 308 0062 03A9     		add	r1, sp, #12
 309 0064 0548     		ldr	r0, .L22
 310              	.LVL12:
 157:Core/Src/stm32f4xx_hal_msp.c **** 
 311              		.loc 1 157 5 is_stmt 0 view .LVU69
 312 0066 FFF7FEFF 		bl	HAL_GPIO_Init
 313              	.LVL13:
 160:Core/Src/stm32f4xx_hal_msp.c ****     HAL_NVIC_EnableIRQ(USART1_IRQn);
 314              		.loc 1 160 5 is_stmt 1 view .LVU70
 315 006a 2246     		mov	r2, r4
 316 006c 2146     		mov	r1, r4
 317 006e 2520     		movs	r0, #37
 318 0070 FFF7FEFF 		bl	HAL_NVIC_SetPriority
 319              	.LVL14:
 161:Core/Src/stm32f4xx_hal_msp.c ****   /* USER CODE BEGIN USART1_MspInit 1 */
 320              		.loc 1 161 5 view .LVU71
 321 0074 2520     		movs	r0, #37
 322 0076 FFF7FEFF 		bl	HAL_NVIC_EnableIRQ
 323              	.LVL15:
 324              		.loc 1 167 1 is_stmt 0 view .LVU72
ARM GAS  C:\Users\hh\AppData\Local\Temp\cchKzHc5.s 			page 10


 325 007a D0E7     		b	.L18
 326              	.L23:
 327              		.align	2
 328              	.L22:
 329 007c 00000240 		.word	1073872896
 330              		.cfi_endproc
 331              	.LFE133:
 333              		.section	.text.HAL_USART_MspDeInit,"ax",%progbits
 334              		.align	1
 335              		.global	HAL_USART_MspDeInit
 336              		.syntax unified
 337              		.thumb
 338              		.thumb_func
 340              	HAL_USART_MspDeInit:
 341              	.LVL16:
 342              	.LFB134:
 168:Core/Src/stm32f4xx_hal_msp.c **** 
 169:Core/Src/stm32f4xx_hal_msp.c **** /**
 170:Core/Src/stm32f4xx_hal_msp.c **** * @brief USART MSP De-Initialization
 171:Core/Src/stm32f4xx_hal_msp.c **** * This function freeze the hardware resources used in this example
 172:Core/Src/stm32f4xx_hal_msp.c **** * @param husart: USART handle pointer
 173:Core/Src/stm32f4xx_hal_msp.c **** * @retval None
 174:Core/Src/stm32f4xx_hal_msp.c **** */
 175:Core/Src/stm32f4xx_hal_msp.c **** void HAL_USART_MspDeInit(USART_HandleTypeDef* husart)
 176:Core/Src/stm32f4xx_hal_msp.c **** {
 343              		.loc 1 176 1 is_stmt 1 view -0
 344              		.cfi_startproc
 345              		@ args = 0, pretend = 0, frame = 0
 346              		@ frame_needed = 0, uses_anonymous_args = 0
 347              		.loc 1 176 1 is_stmt 0 view .LVU74
 348 0000 08B5     		push	{r3, lr}
 349              	.LCFI10:
 350              		.cfi_def_cfa_offset 8
 351              		.cfi_offset 3, -8
 352              		.cfi_offset 14, -4
 177:Core/Src/stm32f4xx_hal_msp.c ****   if(husart->Instance==USART1)
 353              		.loc 1 177 3 is_stmt 1 view .LVU75
 354              		.loc 1 177 12 is_stmt 0 view .LVU76
 355 0002 0268     		ldr	r2, [r0]
 356              		.loc 1 177 5 view .LVU77
 357 0004 084B     		ldr	r3, .L28
 358 0006 9A42     		cmp	r2, r3
 359 0008 00D0     		beq	.L27
 360              	.LVL17:
 361              	.L24:
 178:Core/Src/stm32f4xx_hal_msp.c ****   {
 179:Core/Src/stm32f4xx_hal_msp.c ****   /* USER CODE BEGIN USART1_MspDeInit 0 */
 180:Core/Src/stm32f4xx_hal_msp.c **** 
 181:Core/Src/stm32f4xx_hal_msp.c ****   /* USER CODE END USART1_MspDeInit 0 */
 182:Core/Src/stm32f4xx_hal_msp.c ****     /* Peripheral clock disable */
 183:Core/Src/stm32f4xx_hal_msp.c ****     __HAL_RCC_USART1_CLK_DISABLE();
 184:Core/Src/stm32f4xx_hal_msp.c **** 
 185:Core/Src/stm32f4xx_hal_msp.c ****     /**USART1 GPIO Configuration
 186:Core/Src/stm32f4xx_hal_msp.c ****     PA8     ------> USART1_CK
 187:Core/Src/stm32f4xx_hal_msp.c ****     PA9     ------> USART1_TX
 188:Core/Src/stm32f4xx_hal_msp.c ****     PA10     ------> USART1_RX
 189:Core/Src/stm32f4xx_hal_msp.c ****     */
ARM GAS  C:\Users\hh\AppData\Local\Temp\cchKzHc5.s 			page 11


 190:Core/Src/stm32f4xx_hal_msp.c ****     HAL_GPIO_DeInit(GPIOA, GPIO_PIN_8|GPIO_PIN_9|GPIO_PIN_10);
 191:Core/Src/stm32f4xx_hal_msp.c **** 
 192:Core/Src/stm32f4xx_hal_msp.c ****     /* USART1 interrupt DeInit */
 193:Core/Src/stm32f4xx_hal_msp.c ****     HAL_NVIC_DisableIRQ(USART1_IRQn);
 194:Core/Src/stm32f4xx_hal_msp.c ****   /* USER CODE BEGIN USART1_MspDeInit 1 */
 195:Core/Src/stm32f4xx_hal_msp.c **** 
 196:Core/Src/stm32f4xx_hal_msp.c ****   /* USER CODE END USART1_MspDeInit 1 */
 197:Core/Src/stm32f4xx_hal_msp.c ****   }
 198:Core/Src/stm32f4xx_hal_msp.c **** 
 199:Core/Src/stm32f4xx_hal_msp.c **** }
 362              		.loc 1 199 1 view .LVU78
 363 000a 08BD     		pop	{r3, pc}
 364              	.LVL18:
 365              	.L27:
 183:Core/Src/stm32f4xx_hal_msp.c **** 
 366              		.loc 1 183 5 is_stmt 1 view .LVU79
 367 000c 074A     		ldr	r2, .L28+4
 368 000e 536C     		ldr	r3, [r2, #68]
 369 0010 23F01003 		bic	r3, r3, #16
 370 0014 5364     		str	r3, [r2, #68]
 190:Core/Src/stm32f4xx_hal_msp.c **** 
 371              		.loc 1 190 5 view .LVU80
 372 0016 4FF4E061 		mov	r1, #1792
 373 001a 0548     		ldr	r0, .L28+8
 374              	.LVL19:
 190:Core/Src/stm32f4xx_hal_msp.c **** 
 375              		.loc 1 190 5 is_stmt 0 view .LVU81
 376 001c FFF7FEFF 		bl	HAL_GPIO_DeInit
 377              	.LVL20:
 193:Core/Src/stm32f4xx_hal_msp.c ****   /* USER CODE BEGIN USART1_MspDeInit 1 */
 378              		.loc 1 193 5 is_stmt 1 view .LVU82
 379 0020 2520     		movs	r0, #37
 380 0022 FFF7FEFF 		bl	HAL_NVIC_DisableIRQ
 381              	.LVL21:
 382              		.loc 1 199 1 is_stmt 0 view .LVU83
 383 0026 F0E7     		b	.L24
 384              	.L29:
 385              		.align	2
 386              	.L28:
 387 0028 00100140 		.word	1073811456
 388 002c 00380240 		.word	1073887232
 389 0030 00000240 		.word	1073872896
 390              		.cfi_endproc
 391              	.LFE134:
 393              		.text
 394              	.Letext0:
 395              		.file 2 "d:\\gun arm embedded toolchain\\10 2021.10\\arm-none-eabi\\include\\machine\\_default_typ
 396              		.file 3 "d:\\gun arm embedded toolchain\\10 2021.10\\arm-none-eabi\\include\\sys\\_stdint.h"
 397              		.file 4 "Drivers/CMSIS/Device/ST/STM32F4xx/Include/stm32f429xx.h"
 398              		.file 5 "Drivers/STM32F4xx_HAL_Driver/Inc/stm32f4xx_hal_def.h"
 399              		.file 6 "Drivers/STM32F4xx_HAL_Driver/Inc/stm32f4xx_hal_gpio.h"
 400              		.file 7 "Drivers/STM32F4xx_HAL_Driver/Inc/stm32f4xx_hal_dma.h"
 401              		.file 8 "Drivers/STM32F4xx_HAL_Driver/Inc/stm32f4xx_hal_tim.h"
 402              		.file 9 "Drivers/STM32F4xx_HAL_Driver/Inc/stm32f4xx_hal_usart.h"
 403              		.file 10 "Drivers/STM32F4xx_HAL_Driver/Inc/stm32f4xx_hal_cortex.h"
ARM GAS  C:\Users\hh\AppData\Local\Temp\cchKzHc5.s 			page 12


DEFINED SYMBOLS
                            *ABS*:00000000 stm32f4xx_hal_msp.c
C:\Users\hh\AppData\Local\Temp\cchKzHc5.s:20     .text.HAL_MspInit:00000000 $t
C:\Users\hh\AppData\Local\Temp\cchKzHc5.s:26     .text.HAL_MspInit:00000000 HAL_MspInit
C:\Users\hh\AppData\Local\Temp\cchKzHc5.s:80     .text.HAL_MspInit:00000034 $d
C:\Users\hh\AppData\Local\Temp\cchKzHc5.s:85     .text.HAL_TIM_Base_MspInit:00000000 $t
C:\Users\hh\AppData\Local\Temp\cchKzHc5.s:91     .text.HAL_TIM_Base_MspInit:00000000 HAL_TIM_Base_MspInit
C:\Users\hh\AppData\Local\Temp\cchKzHc5.s:153    .text.HAL_TIM_Base_MspDeInit:00000000 $t
C:\Users\hh\AppData\Local\Temp\cchKzHc5.s:159    .text.HAL_TIM_Base_MspDeInit:00000000 HAL_TIM_Base_MspDeInit
C:\Users\hh\AppData\Local\Temp\cchKzHc5.s:200    .text.HAL_TIM_Base_MspDeInit:00000020 $d
C:\Users\hh\AppData\Local\Temp\cchKzHc5.s:205    .text.HAL_USART_MspInit:00000000 $t
C:\Users\hh\AppData\Local\Temp\cchKzHc5.s:211    .text.HAL_USART_MspInit:00000000 HAL_USART_MspInit
C:\Users\hh\AppData\Local\Temp\cchKzHc5.s:329    .text.HAL_USART_MspInit:0000007c $d
C:\Users\hh\AppData\Local\Temp\cchKzHc5.s:334    .text.HAL_USART_MspDeInit:00000000 $t
C:\Users\hh\AppData\Local\Temp\cchKzHc5.s:340    .text.HAL_USART_MspDeInit:00000000 HAL_USART_MspDeInit
C:\Users\hh\AppData\Local\Temp\cchKzHc5.s:387    .text.HAL_USART_MspDeInit:00000028 $d

UNDEFINED SYMBOLS
HAL_NVIC_SetPriority
HAL_NVIC_EnableIRQ
HAL_NVIC_DisableIRQ
HAL_GPIO_Init
HAL_GPIO_DeInit
